#
# There is insufficient memory for the Java Runtime Environment to continue.
# Native memory allocation (malloc) failed to allocate 150736 bytes. Error detail: Chunk::new
# Possible reasons:
#   The system is out of physical RAM or swap space
#   This process is running with CompressedOops enabled, and the Java Heap may be blocking the growth of the native heap
# Possible solutions:
#   Reduce memory load on the system
#   Increase physical memory or swap space
#   Check if swap backing store is full
#   Decrease Java heap size (-Xmx/-Xms)
#   Decrease number of Java threads
#   Decrease Java thread stack sizes (-Xss)
#   Set larger code cache with -XX:ReservedCodeCacheSize=
#   JVM is running with Unscaled Compressed Oops mode in which the Java heap is
#     placed in the first 4GB address space. The Java Heap base address is the
#     maximum limit for the native heap growth. Please use -XX:HeapBaseMinAddress
#     to set the Java Heap base and to place the Java Heap above 4GB virtual address.
# This output file may be truncated or incomplete.
#
#  Out of Memory Error (arena.cpp:191), pid=16584, tid=17580
#
# JRE version: OpenJDK Runtime Environment Microsoft-11369865 (17.0.15+6) (build 17.0.15+6-LTS)
# Java VM: OpenJDK 64-Bit Server VM Microsoft-11369865 (17.0.15+6-LTS, mixed mode, sharing, tiered, compressed oops, compressed class ptrs, g1 gc, windows-amd64)
# No core dump will be written. Minidumps are not enabled by default on client versions of Windows
#

---------------  S U M M A R Y ------------

Command Line: -Xmx64m -Xms64m -Dorg.gradle.appname=gradlew c:\peliculasApp\android\\gradle\wrapper\gradle-wrapper.jar app:installDebug -PreactNativeDevServerPort=8081

Host: 11th Gen Intel(R) Core(TM) i5-1135G7 @ 2.40GHz, 8 cores, 15G,  Windows 11 , 64 bit Build 22621 (10.0.22621.5415)
Time: Sat Jul 19 20:56:17 2025 Argentina Standard Time elapsed time: 60.033709 seconds (0d 0h 1m 0s)

---------------  T H R E A D  ---------------

Current thread (0x0000021a57598140):  JavaThread "C2 CompilerThread2" daemon [_thread_in_native, id=17580, stack(0x0000006d45800000,0x0000006d45900000)]


Current CompileTask:
C2:  60033 1917       4       org.gradle.internal.logging.text.AbstractLineChoppingStyledTextOutput$1::execute (9 bytes)

Stack: [0x0000006d45800000,0x0000006d45900000]
Native frames: (J=compiled Java code, j=interpreted, Vv=VM code, C=native code)
V  [jvm.dll+0x6887a9]
V  [jvm.dll+0x83f5a8]
V  [jvm.dll+0x841053]
V  [jvm.dll+0x8416c3]
V  [jvm.dll+0x2496ef]
V  [jvm.dll+0xad134]
V  [jvm.dll+0xad7cc]
V  [jvm.dll+0x2b0e1f]
V  [jvm.dll+0x58e789]
V  [jvm.dll+0x223972]
V  [jvm.dll+0x21c519]
V  [jvm.dll+0x219c3b]
V  [jvm.dll+0x1a55f6]
V  [jvm.dll+0x22a39a]
V  [jvm.dll+0x2284db]
V  [jvm.dll+0x7f4e28]
V  [jvm.dll+0x7ef2dc]
V  [jvm.dll+0x687687]
C  [ucrtbase.dll+0x29333]
C  [KERNEL32.DLL+0x1259d]
C  [ntdll.dll+0x5af78]


---------------  P R O C E S S  ---------------

Threads class SMR info:
_java_thread_list=0x0000021a9dc191e0, length=15, elements={
0x0000021a3da4d090, 0x0000021a574961b0, 0x0000021a57496c80, 0x0000021a574a7810,
0x0000021a574aa0f0, 0x0000021a574ac9d0, 0x0000021a574ad2a0, 0x0000021a574b2f80,
0x0000021a574bee50, 0x0000021a574bf760, 0x0000021a575f06c0, 0x0000021a575f0e40,
0x0000021a9d7b5980, 0x0000021a9dc21eb0, 0x0000021a57598140
}

Java Threads: ( => current thread )
  0x0000021a3da4d090 JavaThread "main" [_thread_in_vm, id=10260, stack(0x0000006d43900000,0x0000006d43a00000)]
  0x0000021a574961b0 JavaThread "Reference Handler" daemon [_thread_blocked, id=20876, stack(0x0000006d44000000,0x0000006d44100000)]
  0x0000021a57496c80 JavaThread "Finalizer" daemon [_thread_blocked, id=21556, stack(0x0000006d44100000,0x0000006d44200000)]
  0x0000021a574a7810 JavaThread "Signal Dispatcher" daemon [_thread_blocked, id=7672, stack(0x0000006d44200000,0x0000006d44300000)]
  0x0000021a574aa0f0 JavaThread "Attach Listener" daemon [_thread_blocked, id=17560, stack(0x0000006d44300000,0x0000006d44400000)]
  0x0000021a574ac9d0 JavaThread "Service Thread" daemon [_thread_blocked, id=15364, stack(0x0000006d44400000,0x0000006d44500000)]
  0x0000021a574ad2a0 JavaThread "Monitor Deflation Thread" daemon [_thread_blocked, id=18804, stack(0x0000006d44500000,0x0000006d44600000)]
  0x0000021a574b2f80 JavaThread "C2 CompilerThread0" daemon [_thread_in_native, id=16312, stack(0x0000006d44600000,0x0000006d44700000)]
  0x0000021a574bee50 JavaThread "C1 CompilerThread0" daemon [_thread_blocked, id=12920, stack(0x0000006d44700000,0x0000006d44800000)]
  0x0000021a574bf760 JavaThread "Sweeper thread" daemon [_thread_blocked, id=11780, stack(0x0000006d44800000,0x0000006d44900000)]
  0x0000021a575f06c0 JavaThread "Notification Thread" daemon [_thread_blocked, id=10396, stack(0x0000006d44900000,0x0000006d44a00000)]
  0x0000021a575f0e40 JavaThread "Common-Cleaner" daemon [_thread_blocked, id=6216, stack(0x0000006d44b00000,0x0000006d44c00000)]
  0x0000021a9d7b5980 JavaThread "pool-1-thread-1" [_thread_blocked, id=816, stack(0x0000006d44d00000,0x0000006d44e00000)]
  0x0000021a9dc21eb0 JavaThread "C2 CompilerThread1" daemon [_thread_blocked, id=20148, stack(0x0000006d45700000,0x0000006d45800000)]
=>0x0000021a57598140 JavaThread "C2 CompilerThread2" daemon [_thread_in_native, id=17580, stack(0x0000006d45800000,0x0000006d45900000)]

Other Threads:
  0x0000021a5748ed40 VMThread "VM Thread" [stack: 0x0000006d43f00000,0x0000006d44000000] [id=2288] _threads_hazard_ptr=0x0000021a9dc191e0
  0x0000021a575f0ba0 WatcherThread [stack: 0x0000006d44a00000,0x0000006d44b00000] [id=5368]
  0x0000021a3da6d5d0 GCTaskThread "GC Thread#0" [stack: 0x0000006d43a00000,0x0000006d43b00000] [id=12044]
  0x0000021a9d4181e0 GCTaskThread "GC Thread#1" [stack: 0x0000006d44e00000,0x0000006d44f00000] [id=20476]
  0x0000021a9d469100 GCTaskThread "GC Thread#2" [stack: 0x0000006d44f00000,0x0000006d45000000] [id=6148]
  0x0000021a9d217cb0 GCTaskThread "GC Thread#3" [stack: 0x0000006d45000000,0x0000006d45100000] [id=2996]
  0x0000021a9dc20a00 GCTaskThread "GC Thread#4" [stack: 0x0000006d45100000,0x0000006d45200000] [id=3560]
  0x0000021a9d1f9cb0 GCTaskThread "GC Thread#5" [stack: 0x0000006d45200000,0x0000006d45300000] [id=20056]
  0x0000021a9dbfb7b0 GCTaskThread "GC Thread#6" [stack: 0x0000006d45300000,0x0000006d45400000] [id=2648]
  0x0000021a3da6ec30 ConcurrentGCThread "G1 Main Marker" [stack: 0x0000006d43b00000,0x0000006d43c00000] [id=14776]
  0x0000021a3da70570 ConcurrentGCThread "G1 Conc#0" [stack: 0x0000006d43c00000,0x0000006d43d00000] [id=11972]
  0x0000021a3dafd1c0 ConcurrentGCThread "G1 Refine#0" [stack: 0x0000006d43d00000,0x0000006d43e00000] [id=11260]
  0x0000021a9d27eec0 ConcurrentGCThread "G1 Refine#1" [stack: 0x0000006d45400000,0x0000006d45500000] [id=6944]
  0x0000021a3dafdb00 ConcurrentGCThread "G1 Service" [stack: 0x0000006d43e00000,0x0000006d43f00000] [id=16268]

Threads with active compile tasks:
C2 CompilerThread0    60051 1906   !   4       java.io.BufferedReader::readLine (327 bytes)
C2 CompilerThread2    60051 1917       4       org.gradle.internal.logging.text.AbstractLineChoppingStyledTextOutput$1::execute (9 bytes)

VM state: not at safepoint (normal execution)

VM Mutex/Monitor currently owned by a thread: None

Heap address: 0x00000000fc000000, size: 64 MB, Compressed Oops mode: 32-bit

CDS archive(s) mapped at: [0x0000021a58000000-0x0000021a58bb0000-0x0000021a58bb0000), size 12255232, SharedBaseAddress: 0x0000021a58000000, ArchiveRelocationMode: 1.
Compressed class space mapped at: 0x0000021a59000000-0x0000021a99000000, reserved size: 1073741824
Narrow klass base: 0x0000021a58000000, Narrow klass shift: 0, Narrow klass range: 0x100000000

GC Precious Log:
 CPUs: 8 total, 8 available
 Memory: 16126M
 Large Page Support: Disabled
 NUMA Support: Disabled
 Compressed Oops: Enabled (32-bit)
 Heap Region Size: 1M
 Heap Min Capacity: 64M
 Heap Initial Capacity: 64M
 Heap Max Capacity: 64M
 Pre-touch: Disabled
 Parallel Workers: 8
 Concurrent Workers: 2
 Concurrent Refinement Workers: 8
 Periodic GC: Disabled

Heap:
 garbage-first heap   total 65536K, used 20329K [0x00000000fc000000, 0x0000000100000000)
  region size 1024K, 14 young (14336K), 4 survivors (4096K)
 Metaspace       used 9504K, committed 9728K, reserved 1114112K
  class space    used 1257K, committed 1344K, reserved 1048576K

Heap Regions: E=young(eden), S=young(survivor), O=old, HS=humongous(starts), HC=humongous(continues), CS=collection set, F=free, OA=open archive, CA=closed archive, TAMS=top-at-mark-start (previous, next)
|   0|0x00000000fc000000, 0x00000000fc100000, 0x00000000fc100000|100%|HS|  |TAMS 0x00000000fc000000, 0x00000000fc000000| Complete 
|   1|0x00000000fc100000, 0x00000000fc200000, 0x00000000fc200000|100%|HC|  |TAMS 0x00000000fc100000, 0x00000000fc100000| Complete 
|   2|0x00000000fc200000, 0x00000000fc300000, 0x00000000fc300000|100%|HC|  |TAMS 0x00000000fc200000, 0x00000000fc200000| Complete 
|   3|0x00000000fc300000, 0x00000000fc400000, 0x00000000fc400000|100%| O|  |TAMS 0x00000000fc300000, 0x00000000fc300000| Untracked 
|   4|0x00000000fc400000, 0x00000000fc500000, 0x00000000fc500000|100%| O|  |TAMS 0x00000000fc400000, 0x00000000fc400000| Untracked 
|   5|0x00000000fc500000, 0x00000000fc600000, 0x00000000fc600000|100%| O|  |TAMS 0x00000000fc500000, 0x00000000fc500000| Untracked 
|   6|0x00000000fc600000, 0x00000000fc6da400, 0x00000000fc700000| 85%| O|  |TAMS 0x00000000fc600000, 0x00000000fc600000| Untracked 
|   7|0x00000000fc700000, 0x00000000fc700000, 0x00000000fc800000|  0%| F|  |TAMS 0x00000000fc700000, 0x00000000fc700000| Untracked 
|   8|0x00000000fc800000, 0x00000000fc800000, 0x00000000fc900000|  0%| F|  |TAMS 0x00000000fc800000, 0x00000000fc800000| Untracked 
|   9|0x00000000fc900000, 0x00000000fc900000, 0x00000000fca00000|  0%| F|  |TAMS 0x00000000fc900000, 0x00000000fc900000| Untracked 
|  10|0x00000000fca00000, 0x00000000fca00000, 0x00000000fcb00000|  0%| F|  |TAMS 0x00000000fca00000, 0x00000000fca00000| Untracked 
|  11|0x00000000fcb00000, 0x00000000fcb00000, 0x00000000fcc00000|  0%| F|  |TAMS 0x00000000fcb00000, 0x00000000fcb00000| Untracked 
|  12|0x00000000fcc00000, 0x00000000fcc00000, 0x00000000fcd00000|  0%| F|  |TAMS 0x00000000fcc00000, 0x00000000fcc00000| Untracked 
|  13|0x00000000fcd00000, 0x00000000fcd00000, 0x00000000fce00000|  0%| F|  |TAMS 0x00000000fcd00000, 0x00000000fcd00000| Untracked 
|  14|0x00000000fce00000, 0x00000000fce00000, 0x00000000fcf00000|  0%| F|  |TAMS 0x00000000fce00000, 0x00000000fce00000| Untracked 
|  15|0x00000000fcf00000, 0x00000000fcf00000, 0x00000000fd000000|  0%| F|  |TAMS 0x00000000fcf00000, 0x00000000fcf00000| Untracked 
|  16|0x00000000fd000000, 0x00000000fd000000, 0x00000000fd100000|  0%| F|  |TAMS 0x00000000fd000000, 0x00000000fd000000| Untracked 
|  17|0x00000000fd100000, 0x00000000fd100000, 0x00000000fd200000|  0%| F|  |TAMS 0x00000000fd100000, 0x00000000fd100000| Untracked 
|  18|0x00000000fd200000, 0x00000000fd200000, 0x00000000fd300000|  0%| F|  |TAMS 0x00000000fd200000, 0x00000000fd200000| Untracked 
|  19|0x00000000fd300000, 0x00000000fd300000, 0x00000000fd400000|  0%| F|  |TAMS 0x00000000fd300000, 0x00000000fd300000| Untracked 
|  20|0x00000000fd400000, 0x00000000fd400000, 0x00000000fd500000|  0%| F|  |TAMS 0x00000000fd400000, 0x00000000fd400000| Untracked 
|  21|0x00000000fd500000, 0x00000000fd500000, 0x00000000fd600000|  0%| F|  |TAMS 0x00000000fd500000, 0x00000000fd500000| Untracked 
|  22|0x00000000fd600000, 0x00000000fd600000, 0x00000000fd700000|  0%| F|  |TAMS 0x00000000fd600000, 0x00000000fd600000| Untracked 
|  23|0x00000000fd700000, 0x00000000fd700000, 0x00000000fd800000|  0%| F|  |TAMS 0x00000000fd700000, 0x00000000fd700000| Untracked 
|  24|0x00000000fd800000, 0x00000000fd800000, 0x00000000fd900000|  0%| F|  |TAMS 0x00000000fd800000, 0x00000000fd800000| Untracked 
|  25|0x00000000fd900000, 0x00000000fd900000, 0x00000000fda00000|  0%| F|  |TAMS 0x00000000fd900000, 0x00000000fd900000| Untracked 
|  26|0x00000000fda00000, 0x00000000fda00000, 0x00000000fdb00000|  0%| F|  |TAMS 0x00000000fda00000, 0x00000000fda00000| Untracked 
|  27|0x00000000fdb00000, 0x00000000fdb00000, 0x00000000fdc00000|  0%| F|  |TAMS 0x00000000fdb00000, 0x00000000fdb00000| Untracked 
|  28|0x00000000fdc00000, 0x00000000fdd00000, 0x00000000fdd00000|100%| S|CS|TAMS 0x00000000fdc00000, 0x00000000fdc00000| Complete 
|  29|0x00000000fdd00000, 0x00000000fde00000, 0x00000000fde00000|100%| S|CS|TAMS 0x00000000fdd00000, 0x00000000fdd00000| Complete 
|  30|0x00000000fde00000, 0x00000000fdf00000, 0x00000000fdf00000|100%| S|CS|TAMS 0x00000000fde00000, 0x00000000fde00000| Complete 
|  31|0x00000000fdf00000, 0x00000000fe000000, 0x00000000fe000000|100%| S|CS|TAMS 0x00000000fdf00000, 0x00000000fdf00000| Complete 
|  32|0x00000000fe000000, 0x00000000fe000000, 0x00000000fe100000|  0%| F|  |TAMS 0x00000000fe000000, 0x00000000fe000000| Untracked 
|  33|0x00000000fe100000, 0x00000000fe100000, 0x00000000fe200000|  0%| F|  |TAMS 0x00000000fe100000, 0x00000000fe100000| Untracked 
|  34|0x00000000fe200000, 0x00000000fe200000, 0x00000000fe300000|  0%| F|  |TAMS 0x00000000fe200000, 0x00000000fe200000| Untracked 
|  35|0x00000000fe300000, 0x00000000fe300000, 0x00000000fe400000|  0%| F|  |TAMS 0x00000000fe300000, 0x00000000fe300000| Untracked 
|  36|0x00000000fe400000, 0x00000000fe400000, 0x00000000fe500000|  0%| F|  |TAMS 0x00000000fe400000, 0x00000000fe400000| Untracked 
|  37|0x00000000fe500000, 0x00000000fe500000, 0x00000000fe600000|  0%| F|  |TAMS 0x00000000fe500000, 0x00000000fe500000| Untracked 
|  38|0x00000000fe600000, 0x00000000fe600000, 0x00000000fe700000|  0%| F|  |TAMS 0x00000000fe600000, 0x00000000fe600000| Untracked 
|  39|0x00000000fe700000, 0x00000000fe700000, 0x00000000fe800000|  0%| F|  |TAMS 0x00000000fe700000, 0x00000000fe700000| Untracked 
|  40|0x00000000fe800000, 0x00000000fe800000, 0x00000000fe900000|  0%| F|  |TAMS 0x00000000fe800000, 0x00000000fe800000| Untracked 
|  41|0x00000000fe900000, 0x00000000fe900000, 0x00000000fea00000|  0%| F|  |TAMS 0x00000000fe900000, 0x00000000fe900000| Untracked 
|  42|0x00000000fea00000, 0x00000000fea00000, 0x00000000feb00000|  0%| F|  |TAMS 0x00000000fea00000, 0x00000000fea00000| Untracked 
|  43|0x00000000feb00000, 0x00000000feb00000, 0x00000000fec00000|  0%| F|  |TAMS 0x00000000feb00000, 0x00000000feb00000| Untracked 
|  44|0x00000000fec00000, 0x00000000fec00000, 0x00000000fed00000|  0%| F|  |TAMS 0x00000000fec00000, 0x00000000fec00000| Untracked 
|  45|0x00000000fed00000, 0x00000000fed00000, 0x00000000fee00000|  0%| F|  |TAMS 0x00000000fed00000, 0x00000000fed00000| Untracked 
|  46|0x00000000fee00000, 0x00000000fee00000, 0x00000000fef00000|  0%| F|  |TAMS 0x00000000fee00000, 0x00000000fee00000| Untracked 
|  47|0x00000000fef00000, 0x00000000fef00000, 0x00000000ff000000|  0%| F|  |TAMS 0x00000000fef00000, 0x00000000fef00000| Untracked 
|  48|0x00000000ff000000, 0x00000000ff000000, 0x00000000ff100000|  0%| F|  |TAMS 0x00000000ff000000, 0x00000000ff000000| Untracked 
|  49|0x00000000ff100000, 0x00000000ff100000, 0x00000000ff200000|  0%| F|  |TAMS 0x00000000ff100000, 0x00000000ff100000| Untracked 
|  50|0x00000000ff200000, 0x00000000ff200000, 0x00000000ff300000|  0%| F|  |TAMS 0x00000000ff200000, 0x00000000ff200000| Untracked 
|  51|0x00000000ff300000, 0x00000000ff300000, 0x00000000ff400000|  0%| F|  |TAMS 0x00000000ff300000, 0x00000000ff300000| Untracked 
|  52|0x00000000ff400000, 0x00000000ff400000, 0x00000000ff500000|  0%| F|  |TAMS 0x00000000ff400000, 0x00000000ff400000| Untracked 
|  53|0x00000000ff500000, 0x00000000ff500000, 0x00000000ff600000|  0%| F|  |TAMS 0x00000000ff500000, 0x00000000ff500000| Untracked 
|  54|0x00000000ff600000, 0x00000000ff700000, 0x00000000ff700000|100%| E|  |TAMS 0x00000000ff600000, 0x00000000ff600000| Complete 
|  55|0x00000000ff700000, 0x00000000ff800000, 0x00000000ff800000|100%| E|CS|TAMS 0x00000000ff700000, 0x00000000ff700000| Complete 
|  56|0x00000000ff800000, 0x00000000ff900000, 0x00000000ff900000|100%| E|CS|TAMS 0x00000000ff800000, 0x00000000ff800000| Complete 
|  57|0x00000000ff900000, 0x00000000ffa00000, 0x00000000ffa00000|100%| E|CS|TAMS 0x00000000ff900000, 0x00000000ff900000| Complete 
|  58|0x00000000ffa00000, 0x00000000ffb00000, 0x00000000ffb00000|100%| E|CS|TAMS 0x00000000ffa00000, 0x00000000ffa00000| Complete 
|  59|0x00000000ffb00000, 0x00000000ffc00000, 0x00000000ffc00000|100%| E|CS|TAMS 0x00000000ffb00000, 0x00000000ffb00000| Complete 
|  60|0x00000000ffc00000, 0x00000000ffd00000, 0x00000000ffd00000|100%| E|CS|TAMS 0x00000000ffc00000, 0x00000000ffc00000| Complete 
|  61|0x00000000ffd00000, 0x00000000ffe00000, 0x00000000ffe00000|100%| E|CS|TAMS 0x00000000ffd00000, 0x00000000ffd00000| Complete 
|  62|0x00000000ffe00000, 0x00000000fff00000, 0x00000000fff00000|100%| E|CS|TAMS 0x00000000ffe00000, 0x00000000ffe00000| Complete 
|  63|0x00000000fff00000, 0x0000000100000000, 0x0000000100000000|100%| E|CS|TAMS 0x00000000fff00000, 0x00000000fff00000| Complete 

Card table byte_map: [0x0000021a3d970000,0x0000021a3d990000] _byte_map_base: 0x0000021a3d190000

Marking Bits (Prev, Next): (CMBitMap*) 0x0000021a3da6db00, (CMBitMap*) 0x0000021a3da6db40
 Prev Bits: [0x0000021a548c0000, 0x0000021a549c0000)
 Next Bits: [0x0000021a549c0000, 0x0000021a54ac0000)

Polling page: 0x0000021a3bac0000

Metaspace:

Usage:
  Non-class:      8.05 MB used.
      Class:      1.23 MB used.
       Both:      9.28 MB used.

Virtual space:
  Non-class space:       64.00 MB reserved,       8.19 MB ( 13%) committed,  1 nodes.
      Class space:        1.00 GB reserved,       1.31 MB ( <1%) committed,  1 nodes.
             Both:        1.06 GB reserved,       9.50 MB ( <1%) committed. 

Chunk freelists:
   Non-Class:  7.64 MB
       Class:  14.50 MB
        Both:  22.14 MB

MaxMetaspaceSize: unlimited
CompressedClassSpaceSize: 1.00 GB
Initial GC threshold: 21.00 MB
Current GC threshold: 21.00 MB
CDS: on
MetaspaceReclaimPolicy: balanced
 - commit_granule_bytes: 65536.
 - commit_granule_words: 8192.
 - virtual_space_node_default_size: 8388608.
 - enlarge_chunks_in_place: 1.
 - new_chunks_are_fully_committed: 0.
 - uncommit_free_chunks: 1.
 - use_allocation_guard: 0.
 - handle_deallocations: 1.


Internal statistics:

num_allocs_failed_limit: 0.
num_arena_births: 80.
num_arena_deaths: 0.
num_vsnodes_births: 2.
num_vsnodes_deaths: 0.
num_space_committed: 152.
num_space_uncommitted: 0.
num_chunks_returned_to_freelist: 0.
num_chunks_taken_from_freelist: 347.
num_chunk_merges: 0.
num_chunk_splits: 228.
num_chunks_enlarged: 185.
num_inconsistent_stats: 0.

CodeHeap 'non-profiled nmethods': size=120000Kb used=803Kb max_used=803Kb free=119196Kb
 bounds [0x0000021a4d060000, 0x0000021a4d2d0000, 0x0000021a54590000]
CodeHeap 'profiled nmethods': size=120000Kb used=3573Kb max_used=3573Kb free=116426Kb
 bounds [0x0000021a45590000, 0x0000021a45910000, 0x0000021a4cac0000]
CodeHeap 'non-nmethods': size=5760Kb used=1185Kb max_used=1218Kb free=4574Kb
 bounds [0x0000021a4cac0000, 0x0000021a4cd30000, 0x0000021a4d060000]
 total_blobs=2386 nmethods=1917 adapters=382
 compilation: enabled
              stopped_count=0, restarted_count=0
 full_count=0

Compilation events (20 events):
Event: 60.005 Thread 0x0000021a9dc21eb0 nmethod 1892 0x0000021a4d123490 code [0x0000021a4d123620, 0x0000021a4d1239d8]
Event: 60.005 Thread 0x0000021a57598140 nmethod 1891 0x0000021a4d123d10 code [0x0000021a4d123e80, 0x0000021a4d123fb8]
Event: 60.011 Thread 0x0000021a574bee50 1907       3       sun.nio.ch.Util::getTemporaryDirectBuffer (55 bytes)
Event: 60.012 Thread 0x0000021a574bee50 nmethod 1907 0x0000021a45907090 code [0x0000021a45907300, 0x0000021a45907d48]
Event: 60.012 Thread 0x0000021a574bee50 1908       3       sun.nio.ch.Util::offerFirstTemporaryDirectBuffer (53 bytes)
Event: 60.012 Thread 0x0000021a574bee50 nmethod 1908 0x0000021a45908090 code [0x0000021a459082e0, 0x0000021a45908cb8]
Event: 60.018 Thread 0x0000021a574bee50 1909       3       jdk.internal.org.objectweb.asm.ByteVector::enlarge (51 bytes)
Event: 60.018 Thread 0x0000021a574bee50 nmethod 1909 0x0000021a45908f90 code [0x0000021a45909140, 0x0000021a45909448]
Event: 60.023 Thread 0x0000021a574bee50 1912       3       java.lang.invoke.MethodType::insertParameterTypes (121 bytes)
Event: 60.024 Thread 0x0000021a574bee50 nmethod 1912 0x0000021a45909590 code [0x0000021a45909860, 0x0000021a4590a608]
Event: 60.024 Thread 0x0000021a574bee50 1913       3       java.lang.invoke.MethodType::changeReturnType (20 bytes)
Event: 60.024 Thread 0x0000021a574bee50 nmethod 1913 0x0000021a4590ab10 code [0x0000021a4590acc0, 0x0000021a4590ae88]
Event: 60.024 Thread 0x0000021a574bee50 1914       3       java.lang.invoke.MethodHandles$Lookup::in (283 bytes)
Event: 60.026 Thread 0x0000021a9dc21eb0 1915       4       org.gradle.internal.logging.text.AbstractLineChoppingStyledTextOutput$StateContext::isCurrentCharEquals (70 bytes)
Event: 60.026 Thread 0x0000021a574bee50 nmethod 1914 0x0000021a4590af10 code [0x0000021a4590b340, 0x0000021a4590cd88]
Event: 60.028 Thread 0x0000021a9dc21eb0 nmethod 1915 0x0000021a4d124710 code [0x0000021a4d1248a0, 0x0000021a4d1249e8]
Event: 60.028 Thread 0x0000021a9dc21eb0 1916       4       org.gradle.internal.logging.text.AbstractLineChoppingStyledTextOutput$StateContext::hasChar (25 bytes)
Event: 60.028 Thread 0x0000021a57598140 1917       4       org.gradle.internal.logging.text.AbstractLineChoppingStyledTextOutput$1::execute (9 bytes)
Event: 60.029 Thread 0x0000021a9dc21eb0 nmethod 1916 0x0000021a4d124b90 code [0x0000021a4d124d00, 0x0000021a4d124d98]
Event: 60.029 Thread 0x0000021a9dc21eb0 1918       4       org.gradle.internal.logging.text.AbstractLineChoppingStyledTextOutput$1::execute (140 bytes)

GC Heap History (4 events):
Event: 0.442 GC heap before
{Heap before GC invocations=0 (full 0):
 garbage-first heap   total 65536K, used 23552K [0x00000000fc000000, 0x0000000100000000)
  region size 1024K, 23 young (23552K), 0 survivors (0K)
 Metaspace       used 1727K, committed 1856K, reserved 1114112K
  class space    used 160K, committed 192K, reserved 1048576K
}
Event: 0.447 GC heap after
{Heap after GC invocations=1 (full 0):
 garbage-first heap   total 65536K, used 1808K [0x00000000fc000000, 0x0000000100000000)
  region size 1024K, 2 young (2048K), 2 survivors (2048K)
 Metaspace       used 1727K, committed 1856K, reserved 1114112K
  class space    used 160K, committed 192K, reserved 1048576K
}
Event: 1.335 GC heap before
{Heap before GC invocations=1 (full 0):
 garbage-first heap   total 65536K, used 35600K [0x00000000fc000000, 0x0000000100000000)
  region size 1024K, 32 young (32768K), 2 survivors (2048K)
 Metaspace       used 7674K, committed 7936K, reserved 1114112K
  class space    used 1052K, committed 1216K, reserved 1048576K
}
Event: 1.341 GC heap after
{Heap after GC invocations=2 (full 0):
 garbage-first heap   total 65536K, used 11113K [0x00000000fc000000, 0x0000000100000000)
  region size 1024K, 4 young (4096K), 4 survivors (4096K)
 Metaspace       used 7674K, committed 7936K, reserved 1114112K
  class space    used 1052K, committed 1216K, reserved 1048576K
}

Dll operation events (13 events):
Event: 0.006 Loaded shared library C:\Program Files\Microsoft\jdk-17.0.15.6-hotspot\bin\java.dll
Event: 0.024 Loaded shared library C:\Program Files\Microsoft\jdk-17.0.15.6-hotspot\bin\jsvml.dll
Event: 0.056 Loaded shared library C:\Program Files\Microsoft\jdk-17.0.15.6-hotspot\bin\net.dll
Event: 0.057 Loaded shared library C:\Program Files\Microsoft\jdk-17.0.15.6-hotspot\bin\nio.dll
Event: 0.061 Loaded shared library C:\Program Files\Microsoft\jdk-17.0.15.6-hotspot\bin\zip.dll
Event: 0.067 Loaded shared library C:\Program Files\Microsoft\jdk-17.0.15.6-hotspot\bin\verify.dll
Event: 0.420 Loaded shared library C:\Program Files\Microsoft\jdk-17.0.15.6-hotspot\bin\jimage.dll
Event: 0.864 Loaded shared library C:\Program Files\Microsoft\jdk-17.0.15.6-hotspot\bin\management.dll
Event: 0.868 Loaded shared library C:\Program Files\Microsoft\jdk-17.0.15.6-hotspot\bin\management_ext.dll
Event: 0.925 Loaded shared library C:\Users\kurco\.gradle\native\1def1411415f61bf3af743bc5b6707747c0891f09f0c88961ee8f79bc544acac\windows-amd64\native-platform.dll
Event: 0.967 Loaded shared library C:\Users\kurco\.gradle\native\jansi\1.18\windows64\jansi.dll
Event: 1.204 Loaded shared library C:\Program Files\Microsoft\jdk-17.0.15.6-hotspot\bin\extnet.dll
Event: 1.397 Loaded shared library C:\Program Files\Microsoft\jdk-17.0.15.6-hotspot\bin\sunmscapi.dll

Deoptimization events (20 events):
Event: 60.015 Thread 0x0000021a3da4d090 DEOPT PACKING pc=0x0000021a4568a75f sp=0x0000006d439fd490
Event: 60.015 Thread 0x0000021a3da4d090 DEOPT UNPACKING pc=0x0000021a4cb1ace3 sp=0x0000006d439fc978 mode 0
Event: 60.015 Thread 0x0000021a3da4d090 DEOPT PACKING pc=0x0000021a4568a75f sp=0x0000006d439fd490
Event: 60.015 Thread 0x0000021a3da4d090 DEOPT UNPACKING pc=0x0000021a4cb1ace3 sp=0x0000006d439fc978 mode 0
Event: 60.015 Thread 0x0000021a3da4d090 DEOPT PACKING pc=0x0000021a4568a75f sp=0x0000006d439fd490
Event: 60.015 Thread 0x0000021a3da4d090 DEOPT UNPACKING pc=0x0000021a4cb1ace3 sp=0x0000006d439fc978 mode 0
Event: 60.015 Thread 0x0000021a3da4d090 DEOPT PACKING pc=0x0000021a4568a75f sp=0x0000006d439fd490
Event: 60.016 Thread 0x0000021a3da4d090 DEOPT UNPACKING pc=0x0000021a4cb1ace3 sp=0x0000006d439fc978 mode 0
Event: 60.016 Thread 0x0000021a3da4d090 DEOPT PACKING pc=0x0000021a4568a75f sp=0x0000006d439fd490
Event: 60.016 Thread 0x0000021a3da4d090 DEOPT UNPACKING pc=0x0000021a4cb1ace3 sp=0x0000006d439fc978 mode 0
Event: 60.016 Thread 0x0000021a3da4d090 DEOPT PACKING pc=0x0000021a4568a75f sp=0x0000006d439fd490
Event: 60.016 Thread 0x0000021a3da4d090 DEOPT UNPACKING pc=0x0000021a4cb1ace3 sp=0x0000006d439fc978 mode 0
Event: 60.017 Thread 0x0000021a3da4d090 DEOPT PACKING pc=0x0000021a4568a75f sp=0x0000006d439fd490
Event: 60.017 Thread 0x0000021a3da4d090 DEOPT UNPACKING pc=0x0000021a4cb1ace3 sp=0x0000006d439fc978 mode 0
Event: 60.017 Thread 0x0000021a3da4d090 DEOPT PACKING pc=0x0000021a4568a75f sp=0x0000006d439fd490
Event: 60.017 Thread 0x0000021a3da4d090 DEOPT UNPACKING pc=0x0000021a4cb1ace3 sp=0x0000006d439fc978 mode 0
Event: 60.017 Thread 0x0000021a3da4d090 DEOPT PACKING pc=0x0000021a4568a75f sp=0x0000006d439fd490
Event: 60.017 Thread 0x0000021a3da4d090 DEOPT UNPACKING pc=0x0000021a4cb1ace3 sp=0x0000006d439fc978 mode 0
Event: 60.017 Thread 0x0000021a3da4d090 DEOPT PACKING pc=0x0000021a4568a75f sp=0x0000006d439fd490
Event: 60.017 Thread 0x0000021a3da4d090 DEOPT UNPACKING pc=0x0000021a4cb1ace3 sp=0x0000006d439fc978 mode 0

Classes loaded (20 events):
Event: 59.961 Loading class sun/nio/fs/WindowsSecurityDescriptor
Event: 59.962 Loading class sun/nio/fs/WindowsSecurityDescriptor done
Event: 59.962 Loading class sun/nio/fs/WindowsChannelFactory
Event: 59.962 Loading class sun/nio/fs/WindowsChannelFactory done
Event: 59.962 Loading class sun/nio/fs/WindowsChannelFactory$1
Event: 59.962 Loading class sun/nio/fs/WindowsChannelFactory$1 done
Event: 59.962 Loading class sun/nio/fs/WindowsChannelFactory$Flags
Event: 59.962 Loading class sun/nio/fs/WindowsChannelFactory$Flags done
Event: 59.962 Loading class sun/nio/fs/WindowsChannelFactory$2
Event: 59.962 Loading class sun/nio/fs/WindowsChannelFactory$2 done
Event: 59.963 Loading class sun/nio/ch/FileChannelImpl$Closer
Event: 59.963 Loading class sun/nio/ch/FileChannelImpl$Closer done
Event: 59.964 Loading class java/util/stream/Streams$1
Event: 59.964 Loading class java/util/stream/Streams$1 done
Event: 59.968 Loading class java/nio/file/FileChannelLinesSpliterator$1
Event: 59.969 Loading class java/nio/file/FileChannelLinesSpliterator$1 done
Event: 59.969 Loading class java/nio/channels/Channels
Event: 59.969 Loading class java/nio/channels/Channels done
Event: 60.022 Loading class java/util/concurrent/ConcurrentLinkedQueue$Itr
Event: 60.022 Loading class java/util/concurrent/ConcurrentLinkedQueue$Itr done

Classes unloaded (0 events):
No events

Classes redefined (0 events):
No events

Internal exceptions (20 events):
Event: 0.885 Thread 0x0000021a3da4d090 Exception <a 'java/lang/NoSuchMethodError'{0x00000000ff1fe860}: 'void java.lang.invoke.DirectMethodHandle$Holder.invokeStatic(java.lang.Object, java.lang.Object)'> (0x00000000ff1fe860) 
thrown [s\src\hotspot\share\interpreter\linkResolver.cpp, line 759]
Event: 0.886 Thread 0x0000021a3da4d090 Implicit null exception at 0x0000021a4d0ccc0f to 0x0000021a4d0cd154
Event: 0.886 Thread 0x0000021a3da4d090 Implicit null exception at 0x0000021a4d0aab86 to 0x0000021a4d0ab0d4
Event: 0.905 Thread 0x0000021a3da4d090 Exception <a 'java/lang/NoClassDefFoundError'{0x00000000ff079b08}: org/slf4j/impl/StaticMarkerBinder> (0x00000000ff079b08) 
thrown [s\src\hotspot\share\classfile\systemDictionary.cpp, line 245]
Event: 0.933 Thread 0x0000021a3da4d090 Exception <a 'java/lang/NoSuchMethodError'{0x00000000fef9cf68}: 'java.lang.Object java.lang.invoke.Invokers$Holder.invoker(java.lang.Object, java.lang.Object, java.lang.Object)'> (0x00000000fef9cf68) 
thrown [s\src\hotspot\share\interpreter\linkResolver.cpp, line 759]
Event: 0.934 Thread 0x0000021a3da4d090 Exception <a 'java/lang/NoSuchMethodError'{0x00000000fefa60c0}: 'java.lang.Object java.lang.invoke.DirectMethodHandle$Holder.invokeStatic(java.lang.Object, java.lang.Object, int)'> (0x00000000fefa60c0) 
thrown [s\src\hotspot\share\interpreter\linkResolver.cpp, line 759]
Event: 0.935 Thread 0x0000021a3da4d090 Exception <a 'java/lang/NoSuchMethodError'{0x00000000fefb1db0}: 'void java.lang.invoke.DelegatingMethodHandle$Holder.delegate(java.lang.Object, java.lang.Object, int, java.lang.Object)'> (0x00000000fefb1db0) 
thrown [s\src\hotspot\share\interpreter\linkResolver.cpp, line 759]
Event: 0.939 Thread 0x0000021a3da4d090 Exception <a 'java/lang/NoSuchMethodError'{0x00000000fefc53f8}: 'java.lang.Object java.lang.invoke.Invokers$Holder.invokeExact_MT(java.lang.Object, java.lang.Object, java.lang.Object, java.lang.Object)'> (0x00000000fefc53f8) 
thrown [s\src\hotspot\share\interpreter\linkResolver.cpp, line 759]
Event: 0.947 Thread 0x0000021a3da4d090 Exception <a 'java/lang/NoSuchMethodError'{0x00000000fefefe38}: 'java.lang.Object java.lang.invoke.DirectMethodHandle$Holder.invokeVirtual(java.lang.Object, java.lang.Object, java.lang.Object)'> (0x00000000fefefe38) 
thrown [s\src\hotspot\share\interpreter\linkResolver.cpp, line 759]
Event: 1.046 Thread 0x0000021a3da4d090 Exception <a 'java/lang/NoSuchMethodError'{0x00000000fea09520}: 'java.lang.Object java.lang.invoke.DirectMethodHandle$Holder.newInvokeSpecial(java.lang.Object, java.lang.Object, java.lang.Object, java.lang.Object, java.lang.Object)'> (0x00000000fea09520) 
thrown [s\src\hotspot\share\interpreter\linkResolver.cpp, line 759]
Event: 1.069 Thread 0x0000021a3da4d090 Exception <a 'java/lang/NoSuchMethodError'{0x00000000fe937348}: 'void java.lang.invoke.DirectMethodHandle$Holder.invokeSpecial(java.lang.Object, java.lang.Object, java.lang.Object)'> (0x00000000fe937348) 
thrown [s\src\hotspot\share\interpreter\linkResolver.cpp, line 759]
Event: 1.206 Thread 0x0000021a3da4d090 Exception <a 'java/lang/NoSuchMethodError'{0x00000000fe5a9600}: 'void java.lang.invoke.DirectMethodHandle$Holder.invokeStatic(java.lang.Object, java.lang.Object, java.lang.Object)'> (0x00000000fe5a9600) 
thrown [s\src\hotspot\share\interpreter\linkResolver.cpp, line 759]
Event: 1.252 Thread 0x0000021a3da4d090 Exception <a 'java/lang/NoSuchMethodError'{0x00000000fe276288}: 'java.lang.Object java.lang.invoke.DirectMethodHandle$Holder.newInvokeSpecial(java.lang.Object, java.lang.Object, java.lang.Object, java.lang.Object, java.lang.Object, java.lang.Object, java.lang.Object, java.lang.Object, java.lang.Object, java.lang.Object, java.lang.Object, java.lang.Object, java.lang.Object, java.lang.Object, java.lang.Object, java.lang.Object, java.lang.Object, java.lang.Object, java.lang.Object, java.lang.Object, java.lang
Event: 1.253 Thread 0x0000021a3da4d090 Exception <a 'java/lang/NoSuchMethodError'{0x00000000fe2831e0}: 'java.lang.Object java.lang.invoke.Invokers$Holder.linkToTargetMethod(java.lang.Object, java.lang.Object, java.lang.Object, java.lang.Object, java.lang.Object, java.lang.Object, java.lang.Object, java.lang.Object, java.lang.Object, java.lang.Object, java.lang.Object, java.lang.Object, java.lang.Object, java.lang.Object, java.lang.Object, java.lang.Object, java.lang.Object, java.lang.Object, java.lang.Object, java.lang.Object, java.lang.Object,
Event: 1.304 Thread 0x0000021a3da4d090 Exception <a 'java/lang/NoSuchMethodError'{0x00000000fe0e6cb0}: 'java.lang.Object java.lang.invoke.DirectMethodHandle$Holder.invokeStaticInit(java.lang.Object, int, int, int, int)'> (0x00000000fe0e6cb0) 
thrown [s\src\hotspot\share\interpreter\linkResolver.cpp, line 759]
Event: 1.349 Thread 0x0000021a3da4d090 Exception <a 'java/lang/NoSuchMethodError'{0x00000000fffc71f8}: 'java.lang.Object java.lang.invoke.DirectMethodHandle$Holder.invokeStaticInit(java.lang.Object, java.lang.Object, int, int, int, int)'> (0x00000000fffc71f8) 
thrown [s\src\hotspot\share\interpreter\linkResolver.cpp, line 759]
Event: 1.373 Thread 0x0000021a3da4d090 Implicit null exception at 0x0000021a4d0ad972 to 0x0000021a4d0adfb0
Event: 59.957 Thread 0x0000021a3da4d090 Exception <a 'sun/net/ConnectionResetException'{0x00000000ffb626a0}: Connection reset> (0x00000000ffb626a0) 
thrown [s\src\hotspot\share\prims\jni.cpp, line 535]
Event: 60.019 Thread 0x0000021a3da4d090 Exception <a 'java/lang/NoSuchMethodError'{0x00000000ff668ce8}: 'int java.lang.invoke.DirectMethodHandle$Holder.invokeVirtual(java.lang.Object, java.lang.Object)'> (0x00000000ff668ce8) 
thrown [s\src\hotspot\share\interpreter\linkResolver.cpp, line 759]
Event: 60.021 Thread 0x0000021a3da4d090 Exception <a 'java/io/IOException'{0x00000000ff674120}: Connection reset by peer> (0x00000000ff674120) 
thrown [s\src\hotspot\share\prims\jni.cpp, line 535]

VM Operations (20 events):
Event: 29.426 Executing VM operation: Cleanup
Event: 29.427 Executing VM operation: Cleanup done
Event: 31.439 Executing VM operation: Cleanup
Event: 31.439 Executing VM operation: Cleanup done
Event: 32.443 Executing VM operation: Cleanup
Event: 32.443 Executing VM operation: Cleanup done
Event: 38.478 Executing VM operation: Cleanup
Event: 38.478 Executing VM operation: Cleanup done
Event: 39.481 Executing VM operation: Cleanup
Event: 39.481 Executing VM operation: Cleanup done
Event: 40.496 Executing VM operation: Cleanup
Event: 40.496 Executing VM operation: Cleanup done
Event: 43.502 Executing VM operation: Cleanup
Event: 43.503 Executing VM operation: Cleanup done
Event: 44.504 Executing VM operation: Cleanup
Event: 44.504 Executing VM operation: Cleanup done
Event: 48.525 Executing VM operation: Cleanup
Event: 48.525 Executing VM operation: Cleanup done
Event: 52.555 Executing VM operation: Cleanup
Event: 52.555 Executing VM operation: Cleanup done

Memory protections (0 events):
No events

Nmethod flushes (0 events):
No events

Events (19 events):
Event: 0.024 Thread 0x0000021a3da4d090 Thread added: 0x0000021a3da4d090
Event: 0.027 Thread 0x0000021a3da4d090 Thread added: 0x0000021a574961b0
Event: 0.028 Thread 0x0000021a3da4d090 Thread added: 0x0000021a57496c80
Event: 0.037 Thread 0x0000021a3da4d090 Thread added: 0x0000021a574a7810
Event: 0.037 Thread 0x0000021a3da4d090 Thread added: 0x0000021a574aa0f0
Event: 0.037 Thread 0x0000021a3da4d090 Thread added: 0x0000021a574ac9d0
Event: 0.038 Thread 0x0000021a3da4d090 Thread added: 0x0000021a574ad2a0
Event: 0.038 Thread 0x0000021a3da4d090 Thread added: 0x0000021a574b2f80
Event: 0.038 Thread 0x0000021a3da4d090 Thread added: 0x0000021a574bee50
Event: 0.038 Thread 0x0000021a3da4d090 Thread added: 0x0000021a574bf760
Event: 0.053 Thread 0x0000021a3da4d090 Thread added: 0x0000021a575f06c0
Event: 0.054 Thread 0x0000021a3da4d090 Thread added: 0x0000021a575f0e40
Event: 0.321 Thread 0x0000021a574b2f80 Thread added: 0x0000021a57822140
Event: 0.413 Thread 0x0000021a574bee50 Thread added: 0x0000021a9d0f4a20
Event: 0.575 Thread 0x0000021a9d0f4a20 Thread exited: 0x0000021a9d0f4a20
Event: 0.993 Thread 0x0000021a3da4d090 Thread added: 0x0000021a9d7b5980
Event: 1.548 Thread 0x0000021a57822140 Thread exited: 0x0000021a57822140
Event: 59.985 Thread 0x0000021a574bee50 Thread added: 0x0000021a9dc21eb0
Event: 59.990 Thread 0x0000021a574bee50 Thread added: 0x0000021a57598140


Dynamic libraries:
0x00007ff7ff290000 - 0x00007ff7ff29e000 	C:\Program Files\Microsoft\jdk-17.0.15.6-hotspot\bin\java.exe
0x00007ffa749f0000 - 0x00007ffa74c07000 	C:\WINDOWS\SYSTEM32\ntdll.dll
0x00007ffa73210000 - 0x00007ffa732d4000 	C:\WINDOWS\System32\KERNEL32.DLL
0x00007ffa722a0000 - 0x00007ffa72672000 	C:\WINDOWS\System32\KERNELBASE.dll
0x00007ffa71ee0000 - 0x00007ffa71ff1000 	C:\WINDOWS\System32\ucrtbase.dll
0x00007ffa45c60000 - 0x00007ffa45c7d000 	C:\Program Files\Microsoft\jdk-17.0.15.6-hotspot\bin\VCRUNTIME140.dll
0x00007ffa14950000 - 0x00007ffa14967000 	C:\Program Files\Microsoft\jdk-17.0.15.6-hotspot\bin\jli.dll
0x00007ffa73400000 - 0x00007ffa735b1000 	C:\WINDOWS\System32\USER32.dll
0x00007ffa3e640000 - 0x00007ffa3e8db000 	C:\WINDOWS\WinSxS\amd64_microsoft.windows.common-controls_6595b64144ccf1df_6.0.22621.5547_none_27104afb73855772\COMCTL32.dll
0x00007ffa71e30000 - 0x00007ffa71e56000 	C:\WINDOWS\System32\win32u.dll
0x00007ffa74400000 - 0x00007ffa744a7000 	C:\WINDOWS\System32\msvcrt.dll
0x00007ffa73100000 - 0x00007ffa73129000 	C:\WINDOWS\System32\GDI32.dll
0x00007ffa71d00000 - 0x00007ffa71e23000 	C:\WINDOWS\System32\gdi32full.dll
0x00007ffa72140000 - 0x00007ffa721da000 	C:\WINDOWS\System32\msvcp_win.dll
0x00007ffa72830000 - 0x00007ffa72861000 	C:\WINDOWS\System32\IMM32.DLL
0x00007ffa5c4a0000 - 0x00007ffa5c4ac000 	C:\Program Files\Microsoft\jdk-17.0.15.6-hotspot\bin\vcruntime140_1.dll
0x00007ff9f7860000 - 0x00007ff9f78ed000 	C:\Program Files\Microsoft\jdk-17.0.15.6-hotspot\bin\msvcp140.dll
0x00007ff9e3e60000 - 0x00007ff9e4ad2000 	C:\Program Files\Microsoft\jdk-17.0.15.6-hotspot\bin\server\jvm.dll
0x00007ffa741d0000 - 0x00007ffa74281000 	C:\WINDOWS\System32\ADVAPI32.dll
0x00007ffa732e0000 - 0x00007ffa73388000 	C:\WINDOWS\System32\sechost.dll
0x00007ffa71cd0000 - 0x00007ffa71cf8000 	C:\WINDOWS\System32\bcrypt.dll
0x00007ffa72680000 - 0x00007ffa72794000 	C:\WINDOWS\System32\RPCRT4.dll
0x00007ffa727a0000 - 0x00007ffa72811000 	C:\WINDOWS\System32\WS2_32.dll
0x00007ffa70960000 - 0x00007ffa709ad000 	C:\WINDOWS\SYSTEM32\POWRPROF.dll
0x00007ffa6c0f0000 - 0x00007ffa6c124000 	C:\WINDOWS\SYSTEM32\WINMM.dll
0x00007ffa69620000 - 0x00007ffa6962a000 	C:\WINDOWS\SYSTEM32\VERSION.dll
0x00007ffa70940000 - 0x00007ffa70953000 	C:\WINDOWS\SYSTEM32\UMPDC.dll
0x00007ffa70c00000 - 0x00007ffa70c18000 	C:\WINDOWS\SYSTEM32\kernel.appcore.dll
0x00007ffa59320000 - 0x00007ffa5932a000 	C:\Program Files\Microsoft\jdk-17.0.15.6-hotspot\bin\jimage.dll
0x00007ffa6efe0000 - 0x00007ffa6f213000 	C:\WINDOWS\SYSTEM32\DBGHELP.DLL
0x00007ffa744b0000 - 0x00007ffa74843000 	C:\WINDOWS\System32\combase.dll
0x00007ffa73130000 - 0x00007ffa73207000 	C:\WINDOWS\System32\OLEAUT32.dll
0x00007ffa5c2b0000 - 0x00007ffa5c2e2000 	C:\WINDOWS\SYSTEM32\dbgcore.DLL
0x00007ffa71e60000 - 0x00007ffa71edb000 	C:\WINDOWS\System32\bcryptPrimitives.dll
0x00007ffa128a0000 - 0x00007ffa128c5000 	C:\Program Files\Microsoft\jdk-17.0.15.6-hotspot\bin\java.dll
0x00007ff9f7780000 - 0x00007ff9f7856000 	C:\Program Files\Microsoft\jdk-17.0.15.6-hotspot\bin\jsvml.dll
0x00007ffa735c0000 - 0x00007ffa73e62000 	C:\WINDOWS\System32\SHELL32.dll
0x00007ffa72000000 - 0x00007ffa7213f000 	C:\WINDOWS\System32\wintypes.dll
0x00007ffa6fa20000 - 0x00007ffa7033d000 	C:\WINDOWS\SYSTEM32\windows.storage.dll
0x00007ffa72910000 - 0x00007ffa72a1c000 	C:\WINDOWS\System32\SHCORE.dll
0x00007ffa73390000 - 0x00007ffa733f9000 	C:\WINDOWS\System32\shlwapi.dll
0x00007ffa71a10000 - 0x00007ffa71a3b000 	C:\WINDOWS\SYSTEM32\profapi.dll
0x00007ffa13fe0000 - 0x00007ffa13ffa000 	C:\Program Files\Microsoft\jdk-17.0.15.6-hotspot\bin\net.dll
0x00007ffa6d8a0000 - 0x00007ffa6d9cc000 	C:\WINDOWS\SYSTEM32\WINHTTP.dll
0x00007ffa71080000 - 0x00007ffa710e9000 	C:\WINDOWS\system32\mswsock.dll
0x00007ffa13a30000 - 0x00007ffa13a46000 	C:\Program Files\Microsoft\jdk-17.0.15.6-hotspot\bin\nio.dll
0x00007ffa12d40000 - 0x00007ffa12d58000 	C:\Program Files\Microsoft\jdk-17.0.15.6-hotspot\bin\zip.dll
0x00007ffa1a170000 - 0x00007ffa1a180000 	C:\Program Files\Microsoft\jdk-17.0.15.6-hotspot\bin\verify.dll
0x00007ffa37760000 - 0x00007ffa3776a000 	C:\Program Files\Microsoft\jdk-17.0.15.6-hotspot\bin\management.dll
0x00007ffa2be40000 - 0x00007ffa2be4b000 	C:\Program Files\Microsoft\jdk-17.0.15.6-hotspot\bin\management_ext.dll
0x00007ffa74290000 - 0x00007ffa74298000 	C:\WINDOWS\System32\PSAPI.DLL
0x00007ffa0ecc0000 - 0x00007ffa0ece7000 	C:\Users\kurco\.gradle\native\1def1411415f61bf3af743bc5b6707747c0891f09f0c88961ee8f79bc544acac\windows-amd64\native-platform.dll
0x00007ffa6c260000 - 0x00007ffa6c26a000 	C:\Users\kurco\.gradle\native\jansi\1.18\windows64\jansi.dll
0x00007ffa70610000 - 0x00007ffa7063d000 	C:\WINDOWS\SYSTEM32\IPHLPAPI.DLL
0x00007ffa72820000 - 0x00007ffa72829000 	C:\WINDOWS\System32\NSI.dll
0x00007ffa6c930000 - 0x00007ffa6c949000 	C:\WINDOWS\SYSTEM32\dhcpcsvc6.DLL
0x00007ffa6c410000 - 0x00007ffa6c42f000 	C:\WINDOWS\SYSTEM32\dhcpcsvc.DLL
0x00007ffa70680000 - 0x00007ffa70778000 	C:\WINDOWS\SYSTEM32\DNSAPI.dll
0x00007ffa26850000 - 0x00007ffa26859000 	C:\Program Files\Microsoft\jdk-17.0.15.6-hotspot\bin\extnet.dll
0x00007ffa712e0000 - 0x00007ffa712fb000 	C:\WINDOWS\SYSTEM32\CRYPTSP.dll
0x00007ffa70b60000 - 0x00007ffa70b97000 	C:\WINDOWS\system32\rsaenh.dll
0x00007ffa71170000 - 0x00007ffa71198000 	C:\WINDOWS\SYSTEM32\USERENV.dll
0x00007ffa712d0000 - 0x00007ffa712dc000 	C:\WINDOWS\SYSTEM32\CRYPTBASE.dll
0x00007ffa287d0000 - 0x00007ffa287de000 	C:\Program Files\Microsoft\jdk-17.0.15.6-hotspot\bin\sunmscapi.dll
0x00007ffa71ae0000 - 0x00007ffa71c47000 	C:\WINDOWS\System32\CRYPT32.dll
0x00007ffa71490000 - 0x00007ffa714bd000 	C:\WINDOWS\SYSTEM32\ncrypt.dll
0x00007ffa71450000 - 0x00007ffa71487000 	C:\WINDOWS\SYSTEM32\NTASN1.dll
0x00007ffa15c60000 - 0x00007ffa15c68000 	C:\WINDOWS\system32\wshunix.dll

dbghelp: loaded successfully - version: 4.0.5 - missing functions: none
symbol engine: initialized successfully - sym options: 0x614 - pdb path: .;C:\Program Files\Microsoft\jdk-17.0.15.6-hotspot\bin;C:\WINDOWS\SYSTEM32;C:\WINDOWS\WinSxS\amd64_microsoft.windows.common-controls_6595b64144ccf1df_6.0.22621.5547_none_27104afb73855772;C:\Program Files\Microsoft\jdk-17.0.15.6-hotspot\bin\server;C:\Users\kurco\.gradle\native\1def1411415f61bf3af743bc5b6707747c0891f09f0c88961ee8f79bc544acac\windows-amd64;C:\Users\kurco\.gradle\native\jansi\1.18\windows64

VM Arguments:
jvm_args: -Xmx64m -Xms64m -Dorg.gradle.appname=gradlew 
java_command: c:\peliculasApp\android\\gradle\wrapper\gradle-wrapper.jar app:installDebug -PreactNativeDevServerPort=8081
java_class_path (initial): c:\peliculasApp\android\\gradle\wrapper\gradle-wrapper.jar
Launcher Type: SUN_STANDARD

[Global flags]
     intx CICompilerCount                          = 4                                         {product} {ergonomic}
     uint ConcGCThreads                            = 2                                         {product} {ergonomic}
     uint G1ConcRefinementThreads                  = 8                                         {product} {ergonomic}
   size_t G1HeapRegionSize                         = 1048576                                   {product} {ergonomic}
    uintx GCDrainStackTargetSize                   = 64                                        {product} {ergonomic}
   size_t InitialHeapSize                          = 67108864                                  {product} {command line}
   size_t MarkStackSize                            = 4194304                                   {product} {ergonomic}
   size_t MaxHeapSize                              = 67108864                                  {product} {command line}
   size_t MaxNewSize                               = 39845888                                  {product} {ergonomic}
   size_t MinHeapDeltaBytes                        = 1048576                                   {product} {ergonomic}
   size_t MinHeapSize                              = 67108864                                  {product} {command line}
    uintx NonNMethodCodeHeapSize                   = 5839372                                {pd product} {ergonomic}
    uintx NonProfiledCodeHeapSize                  = 122909434                              {pd product} {ergonomic}
    uintx ProfiledCodeHeapSize                     = 122909434                              {pd product} {ergonomic}
    uintx ReservedCodeCacheSize                    = 251658240                              {pd product} {ergonomic}
     bool SegmentedCodeCache                       = true                                      {product} {ergonomic}
   size_t SoftMaxHeapSize                          = 67108864                               {manageable} {ergonomic}
     bool UseCompressedClassPointers               = true                           {product lp64_product} {ergonomic}
     bool UseCompressedOops                        = true                           {product lp64_product} {ergonomic}
     bool UseG1GC                                  = true                                      {product} {ergonomic}
     bool UseLargePagesIndividualAllocation        = false                                  {pd product} {ergonomic}

Logging:
Log output configuration:
 #0: stdout all=warning uptime,level,tags
 #1: stderr all=off uptime,level,tags

Environment Variables:
JAVA_HOME=C:\Program Files\Microsoft\jdk-17.0.15.6-hotspot\
PATH=c:\peliculasApp\node_modules\.bin;c:\node_modules\.bin;C:\ProgramData\nvm\v22.14.0\node_modules\npm\node_modules\@npmcli\run-script\lib\node-gyp-bin;C:\Program Files\Microsoft\jdk-17.0.15.6-hotspot\bin;C:\Program Files\Lapce\;C:\WINDOWS\system32;C:\WINDOWS;C:\WINDOWS\System32\Wbem;C:\WINDOWS\System32\WindowsPowerShell\v1.0\;C:\WINDOWS\System32\OpenSSH\;C:\ProgramData\chocolatey\bin;C:\Program Files\Microsoft VS Code\bin;C:\ProgramData\nvm;C:\nvm4w\nodejs;C:\Program Files\Git\cmd;C:\Program Files\PostgreSQL\17\bin;C:\Program Files\Go\bin;C:\Users\kurco\AppData\Local\Android\Sdk\tools;C:\Users\kurco\.pyenv\pyenv-win\bin;C:\Users\kurco\.pyenv\pyenv-win\shims;C:\Users\kurco\AppData\Local\Microsoft\WindowsApps;C:\ProgramData\nvm;C:\nvm4w\nodejs;C:\tools\mysql\current\bin;C:\Program Files\MySQL\MySQL Server 9.2\bin;C:\Users\kurco\go\bin;C:\Users\kurco\AppData\Local\GitHubDesktop\bin;C:\Users\kurco\AppData\Local\Programs\mongosh\;C:\Program Files\MongoDB\Tools\100\bin;C:\Users\kurco\AppData\Local\Android\Sdk\platform-tools;C:\Users\kurco\AppData\Local\Android\Sdk\cmdline-tools\bin;
USERNAME=kurco
LC_NUMERIC=C
OS=Windows_NT
PROCESSOR_IDENTIFIER=Intel64 Family 6 Model 140 Stepping 1, GenuineIntel
TMP=C:\Users\kurco\AppData\Local\Temp
TEMP=C:\Users\kurco\AppData\Local\Temp



Periodic native trim disabled


---------------  S Y S T E M  ---------------

OS:
 Windows 11 , 64 bit Build 22621 (10.0.22621.5415)
OS uptime: 2 days 2:19 hours

CPU: total 8 (initial active 8) (4 cores per cpu, 2 threads per core) family 6 model 140 stepping 1 microcode 0xba, cx8, cmov, fxsr, ht, mmx, 3dnowpref, sse, sse2, sse3, ssse3, sse4.1, sse4.2, popcnt, lzcnt, tsc, tscinvbit, avx, avx2, aes, erms, clmul, bmi1, bmi2, adx, avx512f, avx512dq, avx512cd, avx512bw, avx512vl, sha, fma, vzeroupper, avx512_vpopcntdq, avx512_vpclmulqdq, avx512_vaes, avx512_vnni, clflush, clflushopt, clwb, avx512_vbmi2, avx512_vbmi
Processor Information for the first 8 processors :
  Max Mhz: 2419, Current Mhz: 2419, Mhz Limit: 2419

Memory: 4k page, system-wide physical 16126M (941M free)
TotalPageFile size 46530M (AvailPageFile size 5M)
current process WorkingSet (physical memory assigned to process): 108M, peak: 108M
current process commit charge ("private bytes"): 170M, peak: 171M

vm_info: OpenJDK 64-Bit Server VM (17.0.15+6-LTS) for windows-amd64 JRE (17.0.15+6-LTS), built on Apr  9 2025 22:27:25 by "MicrosoftCorporation" with unknown MS VC++:1939

END.
